{"level":"info","message":"0:function getMinutes() { [native code] } - 7:4:2023 | Info: Web Server has been started"}
{"level":"info","message":"0:function getMinutes() { [native code] } - 7:4:2023 | Info: Command Loaded: bassboost"}
{"level":"info","message":"0:function getMinutes() { [native code] } - 7:4:2023 | Info: Command Loaded: bump"}
{"level":"info","message":"0:function getMinutes() { [native code] } - 7:4:2023 | Info: Command Loaded: clear"}
{"level":"info","message":"0:function getMinutes() { [native code] } - 7:4:2023 | Info: Command Loaded: config"}
{"level":"info","message":"0:function getMinutes() { [native code] } - 7:4:2023 | Info: Command Loaded: disconnect"}
{"level":"info","message":"0:function getMinutes() { [native code] } - 7:4:2023 | Info: Command Loaded: grab"}
{"level":"info","message":"0:function getMinutes() { [native code] } - 7:4:2023 | Info: Command Loaded: help"}
{"level":"info","message":"0:function getMinutes() { [native code] } - 7:4:2023 | Info: Command Loaded: invite"}
{"level":"info","message":"0:function getMinutes() { [native code] } - 7:4:2023 | Info: Command Loaded: loop"}
{"level":"info","message":"0:function getMinutes() { [native code] } - 7:4:2023 | Info: Command Loaded: loopqueue"}
{"level":"info","message":"0:function getMinutes() { [native code] } - 7:4:2023 | Info: Command Loaded: lyrics"}
{"level":"info","message":"0:function getMinutes() { [native code] } - 7:4:2023 | Info: Command Loaded: move"}
{"level":"info","message":"0:function getMinutes() { [native code] } - 7:4:2023 | Info: Command Loaded: nowplaying"}
{"level":"info","message":"0:function getMinutes() { [native code] } - 7:4:2023 | Info: Command Loaded: pause"}
{"level":"info","message":"0:function getMinutes() { [native code] } - 7:4:2023 | Info: Command Loaded: play"}
{"level":"info","message":"0:function getMinutes() { [native code] } - 7:4:2023 | Info: Command Loaded: queue"}
{"level":"info","message":"0:function getMinutes() { [native code] } - 7:4:2023 | Info: Command Loaded: remove"}
{"level":"info","message":"0:function getMinutes() { [native code] } - 7:4:2023 | Info: Command Loaded: resume"}
{"level":"info","message":"0:function getMinutes() { [native code] } - 7:4:2023 | Info: Command Loaded: search"}
{"level":"info","message":"0:function getMinutes() { [native code] } - 7:4:2023 | Info: Command Loaded: seek"}
{"level":"info","message":"0:function getMinutes() { [native code] } - 7:4:2023 | Info: Command Loaded: shuffle"}
{"level":"info","message":"0:function getMinutes() { [native code] } - 7:4:2023 | Info: Command Loaded: skip"}
{"level":"info","message":"0:function getMinutes() { [native code] } - 7:4:2023 | Info: Command Loaded: skipto"}
{"level":"info","message":"0:function getMinutes() { [native code] } - 7:4:2023 | Info: Command Loaded: stats"}
{"level":"info","message":"0:function getMinutes() { [native code] } - 7:4:2023 | Info: Command Loaded: volume"}
{"level":"info","message":"0:function getMinutes() { [native code] } - 7:4:2023 | Info: Command Loaded: youtube"}
{"level":"info","message":"0:function getMinutes() { [native code] } - 7:4:2023 | Info: Event Loaded: guildCreate"}
{"level":"info","message":"0:function getMinutes() { [native code] } - 7:4:2023 | Info: Event Loaded: message"}
{"level":"info","message":"0:function getMinutes() { [native code] } - 7:4:2023 | Info: Event Loaded: raw"}
{"level":"info","message":"0:function getMinutes() { [native code] } - 7:4:2023 | Info: Event Loaded: ready"}
{"level":"info","message":"0:function getMinutes() { [native code] } - 7:4:2023 | Info: Event Loaded: voiceStateUpdate"}
{"level":"info","message":"0:function getMinutes() { [native code] } - 7:4:2023 | Info: Successfully Logged in as 테스트#6841"}
{"level":"info","message":"0:function getMinutes() { [native code] } - 7:4:2023 | Info: Registering slash commands for 1103693159080415295"}
{"level":"info","message":"0:function getMinutes() { [native code] } - 7:4:2023 | Info: Registering slash commands for 1103896312186941452"}
{"level":"info","message":"0:function getMinutes() { [native code] } - 7:4:2023 | Info: [Slash Command]: [POST] Guild 1103693159080415295, Command: bassboost"}
{"level":"info","message":"0:function getMinutes() { [native code] } - 7:4:2023 | Info: [Slash Command]: [POST] Guild 1103693159080415295, Command: bump"}
{"level":"info","message":"0:function getMinutes() { [native code] } - 7:4:2023 | Info: [Slash Command]: [POST] Guild 1103693159080415295, Command: clear"}
{"level":"info","message":"0:function getMinutes() { [native code] } - 7:4:2023 | Info: [Slash Command]: [POST] Guild 1103693159080415295, Command: config"}
{"level":"info","message":"0:function getMinutes() { [native code] } - 7:4:2023 | Info: [Slash Command]: [POST] Guild 1103693159080415295, Command: disconnect"}
{"level":"info","message":"0:function getMinutes() { [native code] } - 7:4:2023 | Info: [Slash Command]: [POST] Guild 1103693159080415295, Command: grab"}
{"level":"info","message":"0:function getMinutes() { [native code] } - 7:4:2023 | Info: [Slash Command]: [POST] Guild 1103693159080415295, Command: help"}
{"level":"info","message":"0:function getMinutes() { [native code] } - 7:4:2023 | Info: [Slash Command]: [POST] Guild 1103693159080415295, Command: invite"}
{"level":"info","message":"0:function getMinutes() { [native code] } - 7:4:2023 | Info: [Slash Command]: [POST] Guild 1103693159080415295, Command: loop"}
{"level":"info","message":"0:function getMinutes() { [native code] } - 7:4:2023 | Info: [Slash Command]: [POST] Guild 1103693159080415295, Command: loopqueue"}
{"level":"info","message":"0:function getMinutes() { [native code] } - 7:4:2023 | Info: [Slash Command]: [POST] Guild 1103693159080415295, Command: lyrics"}
{"level":"info","message":"0:function getMinutes() { [native code] } - 7:4:2023 | Info: [Slash Command]: [POST] Guild 1103693159080415295, Command: move"}
{"level":"info","message":"0:function getMinutes() { [native code] } - 7:4:2023 | Info: [Slash Command]: [POST] Guild 1103693159080415295, Command: nowplaying"}
{"level":"info","message":"0:function getMinutes() { [native code] } - 7:4:2023 | Info: [Slash Command]: [POST] Guild 1103693159080415295, Command: pause"}
{"level":"info","message":"0:function getMinutes() { [native code] } - 7:4:2023 | Info: [Slash Command]: [POST] Guild 1103693159080415295, Command: play"}
{"level":"info","message":"0:function getMinutes() { [native code] } - 7:4:2023 | Info: [Slash Command]: [POST] Guild 1103693159080415295, Command: queue"}
{"level":"info","message":"0:function getMinutes() { [native code] } - 7:4:2023 | Info: [Slash Command]: [POST] Guild 1103693159080415295, Command: remove"}
{"level":"info","message":"0:function getMinutes() { [native code] } - 7:4:2023 | Info: [Slash Command]: [POST] Guild 1103693159080415295, Command: resume"}
{"level":"info","message":"0:function getMinutes() { [native code] } - 7:4:2023 | Info: [Slash Command]: [POST] Guild 1103693159080415295, Command: search"}
{"level":"info","message":"0:function getMinutes() { [native code] } - 7:4:2023 | Info: [Slash Command]: [POST] Guild 1103693159080415295, Command: shuffle"}
{"level":"info","message":"0:function getMinutes() { [native code] } - 7:4:2023 | Info: [Slash Command]: [POST] Guild 1103693159080415295, Command: skip"}
{"level":"info","message":"0:function getMinutes() { [native code] } - 7:4:2023 | Info: [Slash Command]: [POST] Guild 1103693159080415295, Command: skipto"}
{"level":"info","message":"0:function getMinutes() { [native code] } - 7:4:2023 | Info: [Slash Command]: [POST] Guild 1103693159080415295, Command: stats"}
{"level":"info","message":"0:function getMinutes() { [native code] } - 7:4:2023 | Info: [Slash Command]: [POST] Guild 1103693159080415295, Command: volume"}
{"level":"info","message":"0:function getMinutes() { [native code] } - 7:4:2023 | Info: [Slash Command]: [POST] Guild 1103693159080415295, Command: youtube"}
{"level":"info","message":"0:function getMinutes() { [native code] } - 7:4:2023 | Info: [Slash Command]: [POST] Guild 1103896312186941452, Command: bassboost"}
{"level":"info","message":"0:function getMinutes() { [native code] } - 7:4:2023 | Info: [Slash Command]: [POST] Guild 1103896312186941452, Command: bump"}
{"level":"info","message":"0:function getMinutes() { [native code] } - 7:4:2023 | Info: [Slash Command]: [POST] Guild 1103896312186941452, Command: clear"}
{"level":"info","message":"0:function getMinutes() { [native code] } - 7:4:2023 | Info: [Slash Command]: [POST] Guild 1103896312186941452, Command: config"}
{"level":"info","message":"0:function getMinutes() { [native code] } - 7:4:2023 | Info: [Slash Command]: [POST] Guild 1103896312186941452, Command: disconnect"}
{"level":"info","message":"0:function getMinutes() { [native code] } - 7:4:2023 | Info: [Slash Command]: [POST] Guild 1103896312186941452, Command: grab"}
{"level":"info","message":"0:function getMinutes() { [native code] } - 7:4:2023 | Info: [Slash Command]: [POST] Guild 1103896312186941452, Command: help"}
{"level":"info","message":"0:function getMinutes() { [native code] } - 7:4:2023 | Info: [Slash Command]: [POST] Guild 1103896312186941452, Command: invite"}
{"level":"info","message":"0:function getMinutes() { [native code] } - 7:4:2023 | Info: [Slash Command]: [POST] Guild 1103896312186941452, Command: loop"}
{"level":"info","message":"0:function getMinutes() { [native code] } - 7:4:2023 | Info: [Slash Command]: [POST] Guild 1103896312186941452, Command: loopqueue"}
{"level":"info","message":"0:function getMinutes() { [native code] } - 7:4:2023 | Info: [Slash Command]: [POST] Guild 1103896312186941452, Command: lyrics"}
{"level":"info","message":"0:function getMinutes() { [native code] } - 7:4:2023 | Info: [Slash Command]: [POST] Guild 1103896312186941452, Command: move"}
{"level":"info","message":"0:function getMinutes() { [native code] } - 7:4:2023 | Info: [Slash Command]: [POST] Guild 1103896312186941452, Command: nowplaying"}
{"level":"info","message":"0:function getMinutes() { [native code] } - 7:4:2023 | Info: [Slash Command]: [POST] Guild 1103896312186941452, Command: pause"}
{"level":"info","message":"0:function getMinutes() { [native code] } - 7:4:2023 | Info: [Slash Command]: [POST] Guild 1103896312186941452, Command: play"}
{"level":"info","message":"0:function getMinutes() { [native code] } - 7:4:2023 | Info: [Slash Command]: [POST] Guild 1103896312186941452, Command: queue"}
{"level":"info","message":"0:function getMinutes() { [native code] } - 7:4:2023 | Info: [Slash Command]: [POST] Guild 1103896312186941452, Command: remove"}
{"level":"info","message":"0:function getMinutes() { [native code] } - 7:4:2023 | Info: [Slash Command]: [POST] Guild 1103896312186941452, Command: resume"}
{"level":"info","message":"0:function getMinutes() { [native code] } - 7:4:2023 | Info: [Slash Command]: [POST] Guild 1103896312186941452, Command: search"}
{"level":"info","message":"0:function getMinutes() { [native code] } - 7:4:2023 | Info: [Slash Command]: [POST] Guild 1103896312186941452, Command: shuffle"}
{"level":"info","message":"0:function getMinutes() { [native code] } - 7:4:2023 | Info: [Slash Command]: [POST] Guild 1103896312186941452, Command: skip"}
{"level":"info","message":"0:function getMinutes() { [native code] } - 7:4:2023 | Info: [Slash Command]: [POST] Guild 1103896312186941452, Command: skipto"}
{"level":"info","message":"0:function getMinutes() { [native code] } - 7:4:2023 | Info: [Slash Command]: [POST] Guild 1103896312186941452, Command: stats"}
{"level":"info","message":"0:function getMinutes() { [native code] } - 7:4:2023 | Info: [Slash Command]: [POST] Guild 1103896312186941452, Command: volume"}
{"level":"info","message":"0:function getMinutes() { [native code] } - 7:4:2023 | Info: [Slash Command]: [POST] Guild 1103896312186941452, Command: youtube"}
{"level":"info","message":"0:function getMinutes() { [native code] } - 7:4:2023 | Info: Lavalink: Node Main connected"}
{"level":"info","message":"0:function getMinutes() { [native code] } - 7:4:2023 | Info: Lavalink: Node Main had an error: Unexpected op \"ready\" with data: [object Object]"}
{"level":"info","message":"1:function getMinutes() { [native code] } - 7:4:2023 | Info: Web Server has been started"}
{"level":"info","message":"1:function getMinutes() { [native code] } - 7:4:2023 | Info: Command Loaded: bassboost"}
{"level":"info","message":"1:function getMinutes() { [native code] } - 7:4:2023 | Info: Command Loaded: bump"}
{"level":"info","message":"1:function getMinutes() { [native code] } - 7:4:2023 | Info: Command Loaded: clear"}
{"level":"info","message":"1:function getMinutes() { [native code] } - 7:4:2023 | Info: Command Loaded: config"}
{"level":"info","message":"1:function getMinutes() { [native code] } - 7:4:2023 | Info: Command Loaded: disconnect"}
{"level":"info","message":"1:function getMinutes() { [native code] } - 7:4:2023 | Info: Command Loaded: grab"}
{"level":"info","message":"1:function getMinutes() { [native code] } - 7:4:2023 | Info: Command Loaded: help"}
{"level":"info","message":"1:function getMinutes() { [native code] } - 7:4:2023 | Info: Command Loaded: invite"}
{"level":"info","message":"1:function getMinutes() { [native code] } - 7:4:2023 | Info: Command Loaded: loop"}
{"level":"info","message":"1:function getMinutes() { [native code] } - 7:4:2023 | Info: Command Loaded: loopqueue"}
{"level":"info","message":"1:function getMinutes() { [native code] } - 7:4:2023 | Info: Command Loaded: lyrics"}
{"level":"info","message":"1:function getMinutes() { [native code] } - 7:4:2023 | Info: Command Loaded: move"}
{"level":"info","message":"1:function getMinutes() { [native code] } - 7:4:2023 | Info: Command Loaded: nowplaying"}
{"level":"info","message":"1:function getMinutes() { [native code] } - 7:4:2023 | Info: Command Loaded: pause"}
{"level":"info","message":"1:function getMinutes() { [native code] } - 7:4:2023 | Info: Command Loaded: play"}
{"level":"info","message":"1:function getMinutes() { [native code] } - 7:4:2023 | Info: Command Loaded: queue"}
{"level":"info","message":"1:function getMinutes() { [native code] } - 7:4:2023 | Info: Command Loaded: remove"}
{"level":"info","message":"1:function getMinutes() { [native code] } - 7:4:2023 | Info: Command Loaded: resume"}
{"level":"info","message":"1:function getMinutes() { [native code] } - 7:4:2023 | Info: Command Loaded: search"}
{"level":"info","message":"1:function getMinutes() { [native code] } - 7:4:2023 | Info: Command Loaded: seek"}
{"level":"info","message":"1:function getMinutes() { [native code] } - 7:4:2023 | Info: Command Loaded: shuffle"}
{"level":"info","message":"1:function getMinutes() { [native code] } - 7:4:2023 | Info: Command Loaded: skip"}
{"level":"info","message":"1:function getMinutes() { [native code] } - 7:4:2023 | Info: Command Loaded: skipto"}
{"level":"info","message":"1:function getMinutes() { [native code] } - 7:4:2023 | Info: Command Loaded: stats"}
{"level":"info","message":"1:function getMinutes() { [native code] } - 7:4:2023 | Info: Command Loaded: volume"}
{"level":"info","message":"1:function getMinutes() { [native code] } - 7:4:2023 | Info: Command Loaded: youtube"}
{"level":"info","message":"1:function getMinutes() { [native code] } - 7:4:2023 | Info: Event Loaded: guildCreate"}
{"level":"info","message":"1:function getMinutes() { [native code] } - 7:4:2023 | Info: Event Loaded: message"}
{"level":"info","message":"1:function getMinutes() { [native code] } - 7:4:2023 | Info: Event Loaded: raw"}
{"level":"info","message":"1:function getMinutes() { [native code] } - 7:4:2023 | Info: Event Loaded: ready"}
{"level":"info","message":"1:function getMinutes() { [native code] } - 7:4:2023 | Info: Event Loaded: voiceStateUpdate"}
{"level":"info","message":"1:function getMinutes() { [native code] } - 7:4:2023 | Info: Successfully Logged in as 테스트#6841"}
{"level":"info","message":"1:function getMinutes() { [native code] } - 7:4:2023 | Info: Registering slash commands for 1103693159080415295"}
{"level":"info","message":"1:function getMinutes() { [native code] } - 7:4:2023 | Info: Registering slash commands for 1103896312186941452"}
{"level":"info","message":"1:function getMinutes() { [native code] } - 7:4:2023 | Info: [Slash Command]: [POST] Guild 1103693159080415295, Command: bassboost"}
{"level":"info","message":"1:function getMinutes() { [native code] } - 7:4:2023 | Info: [Slash Command]: [POST] Guild 1103693159080415295, Command: bump"}
{"level":"info","message":"1:function getMinutes() { [native code] } - 7:4:2023 | Info: [Slash Command]: [POST] Guild 1103693159080415295, Command: clear"}
{"level":"info","message":"1:function getMinutes() { [native code] } - 7:4:2023 | Info: [Slash Command]: [POST] Guild 1103693159080415295, Command: config"}
{"level":"info","message":"1:function getMinutes() { [native code] } - 7:4:2023 | Info: [Slash Command]: [POST] Guild 1103693159080415295, Command: disconnect"}
{"level":"info","message":"1:function getMinutes() { [native code] } - 7:4:2023 | Info: [Slash Command]: [POST] Guild 1103693159080415295, Command: grab"}
{"level":"info","message":"1:function getMinutes() { [native code] } - 7:4:2023 | Info: [Slash Command]: [POST] Guild 1103693159080415295, Command: help"}
{"level":"info","message":"1:function getMinutes() { [native code] } - 7:4:2023 | Info: [Slash Command]: [POST] Guild 1103693159080415295, Command: invite"}
{"level":"info","message":"1:function getMinutes() { [native code] } - 7:4:2023 | Info: [Slash Command]: [POST] Guild 1103693159080415295, Command: loop"}
{"level":"info","message":"1:function getMinutes() { [native code] } - 7:4:2023 | Info: [Slash Command]: [POST] Guild 1103693159080415295, Command: loopqueue"}
{"level":"info","message":"1:function getMinutes() { [native code] } - 7:4:2023 | Info: [Slash Command]: [POST] Guild 1103693159080415295, Command: lyrics"}
{"level":"info","message":"1:function getMinutes() { [native code] } - 7:4:2023 | Info: [Slash Command]: [POST] Guild 1103693159080415295, Command: move"}
{"level":"info","message":"1:function getMinutes() { [native code] } - 7:4:2023 | Info: [Slash Command]: [POST] Guild 1103693159080415295, Command: nowplaying"}
{"level":"info","message":"1:function getMinutes() { [native code] } - 7:4:2023 | Info: [Slash Command]: [POST] Guild 1103693159080415295, Command: pause"}
{"level":"info","message":"1:function getMinutes() { [native code] } - 7:4:2023 | Info: [Slash Command]: [POST] Guild 1103693159080415295, Command: play"}
{"level":"info","message":"1:function getMinutes() { [native code] } - 7:4:2023 | Info: [Slash Command]: [POST] Guild 1103693159080415295, Command: queue"}
{"level":"info","message":"1:function getMinutes() { [native code] } - 7:4:2023 | Info: [Slash Command]: [POST] Guild 1103693159080415295, Command: remove"}
{"level":"info","message":"1:function getMinutes() { [native code] } - 7:4:2023 | Info: [Slash Command]: [POST] Guild 1103693159080415295, Command: resume"}
{"level":"info","message":"1:function getMinutes() { [native code] } - 7:4:2023 | Info: [Slash Command]: [POST] Guild 1103693159080415295, Command: search"}
{"level":"info","message":"1:function getMinutes() { [native code] } - 7:4:2023 | Info: [Slash Command]: [POST] Guild 1103693159080415295, Command: shuffle"}
{"level":"info","message":"1:function getMinutes() { [native code] } - 7:4:2023 | Info: [Slash Command]: [POST] Guild 1103693159080415295, Command: skip"}
{"level":"info","message":"1:function getMinutes() { [native code] } - 7:4:2023 | Info: [Slash Command]: [POST] Guild 1103693159080415295, Command: skipto"}
{"level":"info","message":"1:function getMinutes() { [native code] } - 7:4:2023 | Info: [Slash Command]: [POST] Guild 1103693159080415295, Command: stats"}
{"level":"info","message":"1:function getMinutes() { [native code] } - 7:4:2023 | Info: [Slash Command]: [POST] Guild 1103693159080415295, Command: volume"}
{"level":"info","message":"1:function getMinutes() { [native code] } - 7:4:2023 | Info: [Slash Command]: [POST] Guild 1103693159080415295, Command: youtube"}
{"level":"info","message":"1:function getMinutes() { [native code] } - 7:4:2023 | Info: [Slash Command]: [POST] Guild 1103896312186941452, Command: bassboost"}
{"level":"info","message":"1:function getMinutes() { [native code] } - 7:4:2023 | Info: [Slash Command]: [POST] Guild 1103896312186941452, Command: bump"}
{"level":"info","message":"1:function getMinutes() { [native code] } - 7:4:2023 | Info: [Slash Command]: [POST] Guild 1103896312186941452, Command: clear"}
{"level":"info","message":"1:function getMinutes() { [native code] } - 7:4:2023 | Info: [Slash Command]: [POST] Guild 1103896312186941452, Command: config"}
{"level":"info","message":"1:function getMinutes() { [native code] } - 7:4:2023 | Info: [Slash Command]: [POST] Guild 1103896312186941452, Command: disconnect"}
{"level":"info","message":"1:function getMinutes() { [native code] } - 7:4:2023 | Info: [Slash Command]: [POST] Guild 1103896312186941452, Command: grab"}
{"level":"info","message":"1:function getMinutes() { [native code] } - 7:4:2023 | Info: [Slash Command]: [POST] Guild 1103896312186941452, Command: help"}
{"level":"info","message":"1:function getMinutes() { [native code] } - 7:4:2023 | Info: [Slash Command]: [POST] Guild 1103896312186941452, Command: invite"}
{"level":"info","message":"1:function getMinutes() { [native code] } - 7:4:2023 | Info: [Slash Command]: [POST] Guild 1103896312186941452, Command: loop"}
{"level":"info","message":"1:function getMinutes() { [native code] } - 7:4:2023 | Info: [Slash Command]: [POST] Guild 1103896312186941452, Command: loopqueue"}
{"level":"info","message":"1:function getMinutes() { [native code] } - 7:4:2023 | Info: [Slash Command]: [POST] Guild 1103896312186941452, Command: lyrics"}
{"level":"info","message":"1:function getMinutes() { [native code] } - 7:4:2023 | Info: [Slash Command]: [POST] Guild 1103896312186941452, Command: move"}
{"level":"info","message":"1:function getMinutes() { [native code] } - 7:4:2023 | Info: [Slash Command]: [POST] Guild 1103896312186941452, Command: nowplaying"}
{"level":"info","message":"1:function getMinutes() { [native code] } - 7:4:2023 | Info: [Slash Command]: [POST] Guild 1103896312186941452, Command: pause"}
{"level":"info","message":"1:function getMinutes() { [native code] } - 7:4:2023 | Info: [Slash Command]: [POST] Guild 1103896312186941452, Command: play"}
{"level":"info","message":"1:function getMinutes() { [native code] } - 7:4:2023 | Info: [Slash Command]: [POST] Guild 1103896312186941452, Command: queue"}
{"level":"info","message":"1:function getMinutes() { [native code] } - 7:4:2023 | Info: [Slash Command]: [POST] Guild 1103896312186941452, Command: remove"}
{"level":"info","message":"1:function getMinutes() { [native code] } - 7:4:2023 | Info: [Slash Command]: [POST] Guild 1103896312186941452, Command: resume"}
{"level":"info","message":"1:function getMinutes() { [native code] } - 7:4:2023 | Info: [Slash Command]: [POST] Guild 1103896312186941452, Command: search"}
{"level":"info","message":"1:function getMinutes() { [native code] } - 7:4:2023 | Info: [Slash Command]: [POST] Guild 1103896312186941452, Command: shuffle"}
{"level":"info","message":"1:function getMinutes() { [native code] } - 7:4:2023 | Info: [Slash Command]: [POST] Guild 1103896312186941452, Command: skip"}
{"level":"info","message":"1:function getMinutes() { [native code] } - 7:4:2023 | Info: [Slash Command]: [POST] Guild 1103896312186941452, Command: skipto"}
{"level":"info","message":"1:function getMinutes() { [native code] } - 7:4:2023 | Info: [Slash Command]: [POST] Guild 1103896312186941452, Command: stats"}
{"level":"info","message":"1:function getMinutes() { [native code] } - 7:4:2023 | Info: [Slash Command]: [POST] Guild 1103896312186941452, Command: volume"}
{"level":"info","message":"1:function getMinutes() { [native code] } - 7:4:2023 | Info: [Slash Command]: [POST] Guild 1103896312186941452, Command: youtube"}
{"level":"info","message":"1:function getMinutes() { [native code] } - 7:4:2023 | Info: Lavalink: Node Main connected"}
{"level":"info","message":"1:function getMinutes() { [native code] } - 7:4:2023 | Info: Lavalink: Node Main had an error: Unexpected op \"ready\" with data: [object Object]"}
{"level":"info","message":"1:function getMinutes() { [native code] } - 7:4:2023 | Info: Web Server has been started"}
{"level":"info","message":"1:function getMinutes() { [native code] } - 7:4:2023 | Info: Command Loaded: bassboost"}
{"level":"info","message":"1:function getMinutes() { [native code] } - 7:4:2023 | Info: Command Loaded: bump"}
{"level":"info","message":"1:function getMinutes() { [native code] } - 7:4:2023 | Info: Command Loaded: clear"}
{"level":"info","message":"1:function getMinutes() { [native code] } - 7:4:2023 | Info: Command Loaded: config"}
{"level":"info","message":"1:function getMinutes() { [native code] } - 7:4:2023 | Info: Command Loaded: disconnect"}
{"level":"info","message":"1:function getMinutes() { [native code] } - 7:4:2023 | Info: Command Loaded: grab"}
{"level":"info","message":"1:function getMinutes() { [native code] } - 7:4:2023 | Info: Command Loaded: help"}
{"level":"info","message":"1:function getMinutes() { [native code] } - 7:4:2023 | Info: Command Loaded: invite"}
{"level":"info","message":"1:function getMinutes() { [native code] } - 7:4:2023 | Info: Command Loaded: loop"}
{"level":"info","message":"1:function getMinutes() { [native code] } - 7:4:2023 | Info: Command Loaded: loopqueue"}
{"level":"info","message":"1:function getMinutes() { [native code] } - 7:4:2023 | Info: Command Loaded: lyrics"}
{"level":"info","message":"1:function getMinutes() { [native code] } - 7:4:2023 | Info: Command Loaded: move"}
{"level":"info","message":"1:function getMinutes() { [native code] } - 7:4:2023 | Info: Command Loaded: nowplaying"}
{"level":"info","message":"1:function getMinutes() { [native code] } - 7:4:2023 | Info: Command Loaded: pause"}
{"level":"info","message":"1:function getMinutes() { [native code] } - 7:4:2023 | Info: Command Loaded: play"}
{"level":"info","message":"1:function getMinutes() { [native code] } - 7:4:2023 | Info: Command Loaded: queue"}
{"level":"info","message":"1:function getMinutes() { [native code] } - 7:4:2023 | Info: Command Loaded: remove"}
{"level":"info","message":"1:function getMinutes() { [native code] } - 7:4:2023 | Info: Command Loaded: resume"}
{"level":"info","message":"1:function getMinutes() { [native code] } - 7:4:2023 | Info: Command Loaded: search"}
{"level":"info","message":"1:function getMinutes() { [native code] } - 7:4:2023 | Info: Command Loaded: seek"}
{"level":"info","message":"1:function getMinutes() { [native code] } - 7:4:2023 | Info: Command Loaded: shuffle"}
{"level":"info","message":"1:function getMinutes() { [native code] } - 7:4:2023 | Info: Command Loaded: skip"}
{"level":"info","message":"1:function getMinutes() { [native code] } - 7:4:2023 | Info: Command Loaded: skipto"}
{"level":"info","message":"1:function getMinutes() { [native code] } - 7:4:2023 | Info: Command Loaded: stats"}
{"level":"info","message":"1:function getMinutes() { [native code] } - 7:4:2023 | Info: Command Loaded: volume"}
{"level":"info","message":"1:function getMinutes() { [native code] } - 7:4:2023 | Info: Command Loaded: youtube"}
{"level":"info","message":"1:function getMinutes() { [native code] } - 7:4:2023 | Info: Event Loaded: guildCreate"}
{"level":"info","message":"1:function getMinutes() { [native code] } - 7:4:2023 | Info: Event Loaded: message"}
{"level":"info","message":"1:function getMinutes() { [native code] } - 7:4:2023 | Info: Event Loaded: raw"}
{"level":"info","message":"1:function getMinutes() { [native code] } - 7:4:2023 | Info: Event Loaded: ready"}
{"level":"info","message":"1:function getMinutes() { [native code] } - 7:4:2023 | Info: Event Loaded: voiceStateUpdate"}
{"level":"info","message":"1:function getMinutes() { [native code] } - 7:4:2023 | Info: Successfully Logged in as 테스트#6841"}
{"level":"info","message":"1:function getMinutes() { [native code] } - 7:4:2023 | Info: Registering slash commands for 1103693159080415295"}
{"level":"info","message":"1:function getMinutes() { [native code] } - 7:4:2023 | Info: Registering slash commands for 1103896312186941452"}
{"level":"info","message":"1:function getMinutes() { [native code] } - 7:4:2023 | Info: [Slash Command]: [POST] Guild 1103693159080415295, Command: bassboost"}
{"level":"info","message":"1:function getMinutes() { [native code] } - 7:4:2023 | Info: [Slash Command]: [POST] Guild 1103693159080415295, Command: bump"}
{"level":"info","message":"1:function getMinutes() { [native code] } - 7:4:2023 | Info: [Slash Command]: [POST] Guild 1103693159080415295, Command: clear"}
{"level":"info","message":"1:function getMinutes() { [native code] } - 7:4:2023 | Info: [Slash Command]: [POST] Guild 1103693159080415295, Command: config"}
{"level":"info","message":"1:function getMinutes() { [native code] } - 7:4:2023 | Info: [Slash Command]: [POST] Guild 1103693159080415295, Command: disconnect"}
{"level":"info","message":"1:function getMinutes() { [native code] } - 7:4:2023 | Info: [Slash Command]: [POST] Guild 1103693159080415295, Command: grab"}
{"level":"info","message":"1:function getMinutes() { [native code] } - 7:4:2023 | Info: [Slash Command]: [POST] Guild 1103693159080415295, Command: help"}
{"level":"info","message":"1:function getMinutes() { [native code] } - 7:4:2023 | Info: [Slash Command]: [POST] Guild 1103693159080415295, Command: invite"}
{"level":"info","message":"1:function getMinutes() { [native code] } - 7:4:2023 | Info: [Slash Command]: [POST] Guild 1103693159080415295, Command: loop"}
{"level":"info","message":"1:function getMinutes() { [native code] } - 7:4:2023 | Info: [Slash Command]: [POST] Guild 1103693159080415295, Command: loopqueue"}
{"level":"info","message":"1:function getMinutes() { [native code] } - 7:4:2023 | Info: [Slash Command]: [POST] Guild 1103693159080415295, Command: lyrics"}
{"level":"info","message":"1:function getMinutes() { [native code] } - 7:4:2023 | Info: [Slash Command]: [POST] Guild 1103693159080415295, Command: move"}
{"level":"info","message":"1:function getMinutes() { [native code] } - 7:4:2023 | Info: [Slash Command]: [POST] Guild 1103693159080415295, Command: nowplaying"}
{"level":"info","message":"1:function getMinutes() { [native code] } - 7:4:2023 | Info: [Slash Command]: [POST] Guild 1103693159080415295, Command: pause"}
{"level":"info","message":"1:function getMinutes() { [native code] } - 7:4:2023 | Info: [Slash Command]: [POST] Guild 1103693159080415295, Command: play"}
{"level":"info","message":"1:function getMinutes() { [native code] } - 7:4:2023 | Info: [Slash Command]: [POST] Guild 1103693159080415295, Command: queue"}
{"level":"info","message":"1:function getMinutes() { [native code] } - 7:4:2023 | Info: [Slash Command]: [POST] Guild 1103693159080415295, Command: remove"}
{"level":"info","message":"1:function getMinutes() { [native code] } - 7:4:2023 | Info: [Slash Command]: [POST] Guild 1103693159080415295, Command: resume"}
{"level":"info","message":"1:function getMinutes() { [native code] } - 7:4:2023 | Info: [Slash Command]: [POST] Guild 1103693159080415295, Command: search"}
{"level":"info","message":"1:function getMinutes() { [native code] } - 7:4:2023 | Info: [Slash Command]: [POST] Guild 1103693159080415295, Command: shuffle"}
{"level":"info","message":"1:function getMinutes() { [native code] } - 7:4:2023 | Info: [Slash Command]: [POST] Guild 1103693159080415295, Command: skip"}
{"level":"info","message":"1:function getMinutes() { [native code] } - 7:4:2023 | Info: [Slash Command]: [POST] Guild 1103693159080415295, Command: skipto"}
{"level":"info","message":"1:function getMinutes() { [native code] } - 7:4:2023 | Info: [Slash Command]: [POST] Guild 1103693159080415295, Command: stats"}
{"level":"info","message":"1:function getMinutes() { [native code] } - 7:4:2023 | Info: [Slash Command]: [POST] Guild 1103693159080415295, Command: volume"}
{"level":"info","message":"1:function getMinutes() { [native code] } - 7:4:2023 | Info: [Slash Command]: [POST] Guild 1103693159080415295, Command: youtube"}
{"level":"info","message":"1:function getMinutes() { [native code] } - 7:4:2023 | Info: [Slash Command]: [POST] Guild 1103896312186941452, Command: bassboost"}
{"level":"info","message":"1:function getMinutes() { [native code] } - 7:4:2023 | Info: [Slash Command]: [POST] Guild 1103896312186941452, Command: bump"}
{"level":"info","message":"1:function getMinutes() { [native code] } - 7:4:2023 | Info: [Slash Command]: [POST] Guild 1103896312186941452, Command: clear"}
{"level":"info","message":"1:function getMinutes() { [native code] } - 7:4:2023 | Info: [Slash Command]: [POST] Guild 1103896312186941452, Command: config"}
{"level":"info","message":"1:function getMinutes() { [native code] } - 7:4:2023 | Info: [Slash Command]: [POST] Guild 1103896312186941452, Command: disconnect"}
{"level":"info","message":"1:function getMinutes() { [native code] } - 7:4:2023 | Info: [Slash Command]: [POST] Guild 1103896312186941452, Command: grab"}
{"level":"info","message":"1:function getMinutes() { [native code] } - 7:4:2023 | Info: [Slash Command]: [POST] Guild 1103896312186941452, Command: help"}
{"level":"info","message":"1:function getMinutes() { [native code] } - 7:4:2023 | Info: [Slash Command]: [POST] Guild 1103896312186941452, Command: invite"}
{"level":"info","message":"1:function getMinutes() { [native code] } - 7:4:2023 | Info: [Slash Command]: [POST] Guild 1103896312186941452, Command: loop"}
{"level":"info","message":"1:function getMinutes() { [native code] } - 7:4:2023 | Info: [Slash Command]: [POST] Guild 1103896312186941452, Command: loopqueue"}
{"level":"info","message":"1:function getMinutes() { [native code] } - 7:4:2023 | Info: [Slash Command]: [POST] Guild 1103896312186941452, Command: lyrics"}
{"level":"info","message":"1:function getMinutes() { [native code] } - 7:4:2023 | Info: [Slash Command]: [POST] Guild 1103896312186941452, Command: move"}
{"level":"info","message":"1:function getMinutes() { [native code] } - 7:4:2023 | Info: [Slash Command]: [POST] Guild 1103896312186941452, Command: nowplaying"}
{"level":"info","message":"1:function getMinutes() { [native code] } - 7:4:2023 | Info: [Slash Command]: [POST] Guild 1103896312186941452, Command: pause"}
{"level":"info","message":"1:function getMinutes() { [native code] } - 7:4:2023 | Info: [Slash Command]: [POST] Guild 1103896312186941452, Command: play"}
{"level":"info","message":"1:function getMinutes() { [native code] } - 7:4:2023 | Info: [Slash Command]: [POST] Guild 1103896312186941452, Command: queue"}
{"level":"info","message":"1:function getMinutes() { [native code] } - 7:4:2023 | Info: [Slash Command]: [POST] Guild 1103896312186941452, Command: remove"}
{"level":"info","message":"1:function getMinutes() { [native code] } - 7:4:2023 | Info: [Slash Command]: [POST] Guild 1103896312186941452, Command: resume"}
{"level":"info","message":"1:function getMinutes() { [native code] } - 7:4:2023 | Info: [Slash Command]: [POST] Guild 1103896312186941452, Command: search"}
{"level":"info","message":"1:function getMinutes() { [native code] } - 7:4:2023 | Info: [Slash Command]: [POST] Guild 1103896312186941452, Command: shuffle"}
{"level":"info","message":"1:function getMinutes() { [native code] } - 7:4:2023 | Info: [Slash Command]: [POST] Guild 1103896312186941452, Command: skip"}
{"level":"info","message":"1:function getMinutes() { [native code] } - 7:4:2023 | Info: [Slash Command]: [POST] Guild 1103896312186941452, Command: skipto"}
{"level":"info","message":"1:function getMinutes() { [native code] } - 7:4:2023 | Info: [Slash Command]: [POST] Guild 1103896312186941452, Command: stats"}
{"level":"info","message":"1:function getMinutes() { [native code] } - 7:4:2023 | Info: [Slash Command]: [POST] Guild 1103896312186941452, Command: volume"}
{"level":"info","message":"1:function getMinutes() { [native code] } - 7:4:2023 | Info: [Slash Command]: [POST] Guild 1103896312186941452, Command: youtube"}
{"level":"info","message":"1:function getMinutes() { [native code] } - 7:4:2023 | Info: Lavalink: Node Main connected"}
{"level":"info","message":"1:function getMinutes() { [native code] } - 7:4:2023 | Info: Lavalink: Node Main had an error: Unexpected op \"ready\" with data: [object Object]"}
